\BOOKMARK [0][]{chapter.1}{1 Introduction}{}% 1
\BOOKMARK [1][-]{section.1.1}{1.1 Motivation}{chapter.1}% 2
\BOOKMARK [1][-]{section.1.2}{1.2 3D Reconstruction}{chapter.1}% 3
\BOOKMARK [1][-]{section.1.3}{1.3 dsm}{chapter.1}% 4
\BOOKMARK [1][-]{section.1.4}{1.4 Issues in Line Matching}{chapter.1}% 5
\BOOKMARK [1][-]{section.1.5}{1.5 Related Work}{chapter.1}% 6
\BOOKMARK [1][-]{section.1.6}{1.6 Purpose}{chapter.1}% 7
\BOOKMARK [0][]{chapter.2}{2 Methodologies}{}% 8
\BOOKMARK [1][-]{section.2.1}{2.1 Lane markings Properties and Automatic Extraction}{chapter.2}% 9
\BOOKMARK [1][-]{section.2.2}{2.2 Imaging Properties of Aerial Photographs}{chapter.2}% 10
\BOOKMARK [1][-]{section.2.3}{2.3 Line Fitting}{chapter.2}% 11
\BOOKMARK [1][-]{section.2.4}{2.4 3D line reconstruction through nonlinear LS Adjustment}{chapter.2}% 12
\BOOKMARK [1][-]{section.2.5}{2.5 Line Projection on the DSM \(Determination of Initial Parameter Estimates\)}{chapter.2}% 13
\BOOKMARK [0][]{chapter.3}{3 Experimental Results and Evaluations}{}% 14
\BOOKMARK [1][-]{section.3.1}{3.1 Materials}{chapter.3}% 15
\BOOKMARK [1][-]{section.3.2}{3.2 Preprocessing}{chapter.3}% 16
\BOOKMARK [1][-]{section.3.3}{3.3 Simulation}{chapter.3}% 17
\BOOKMARK [1][-]{section.3.4}{3.4 True Data}{chapter.3}% 18
\BOOKMARK [0][]{chapter.4}{4 Conclusion and Future Work}{}% 19
\BOOKMARK [0][]{appendix.A}{A LaTeX-Tipps}{}% 20
\BOOKMARK [1][-]{section.A.1}{A.1 File-Encoding und Unterst\374tzung von Umlauten}{appendix.A}% 21
\BOOKMARK [1][-]{section.A.2}{A.2 Zitate}{appendix.A}% 22
\BOOKMARK [1][-]{section.A.3}{A.3 Mathematische Formeln}{appendix.A}% 23
\BOOKMARK [1][-]{section.A.4}{A.4 Quellcode}{appendix.A}% 24
\BOOKMARK [1][-]{section.A.5}{A.5 Abbildungen}{appendix.A}% 25
\BOOKMARK [1][-]{section.A.6}{A.6 Tabellen}{appendix.A}% 26
\BOOKMARK [1][-]{section.A.7}{A.7 Pseudocode}{appendix.A}% 27
\BOOKMARK [1][-]{section.A.8}{A.8 Abk\374rzungen}{appendix.A}% 28
\BOOKMARK [1][-]{section.A.9}{A.9 Verweise}{appendix.A}% 29
\BOOKMARK [1][-]{section.A.10}{A.10 Definitionen}{appendix.A}% 30
\BOOKMARK [1][-]{section.A.11}{A.11 Fu\337noten}{appendix.A}% 31
\BOOKMARK [1][-]{section.A.12}{A.12 Verschiedenes}{appendix.A}% 32
\BOOKMARK [1][-]{section.A.13}{A.13 Weitere Illustrationen}{appendix.A}% 33
\BOOKMARK [1][-]{section.A.14}{A.14 Plots with pgfplots}{appendix.A}% 34
\BOOKMARK [1][-]{section.A.15}{A.15 Figures with tikz}{appendix.A}% 35
\BOOKMARK [1][-]{section.A.16}{A.16 Schlusswort}{appendix.A}% 36
